<?xml version="1.0" encoding="UTF-8"?>
<testng-results skipped="0" failed="1" ignored="0" total="4" passed="3">
  <reporter-output>
  </reporter-output>
  <suite name="Suite" duration-ms="54775" started-at="2021-04-29T13:53:25Z" finished-at="2021-04-29T13:54:20Z">
    <groups>
    </groups>
    <test name="Validating App Test" duration-ms="6" started-at="2021-04-29T13:53:25Z" finished-at="2021-04-29T13:53:25Z">
    </test> <!-- Validating App Test -->
    <test name="Validating the Navigations" duration-ms="44533" started-at="2021-04-29T13:53:25Z" finished-at="2021-04-29T13:54:10Z">
      <class name="Academy.E2ETest.ValidateNavigations">
        <test-method status="PASS" signature="initilize()[pri:0, instance:Academy.E2ETest.ValidateNavigations@b978d10]" name="initilize" is-config="true" duration-ms="38354" started-at="2021-04-29T13:53:25Z" finished-at="2021-04-29T13:54:04Z">
          <reporter-output>
          </reporter-output>
        </test-method> <!-- initilize -->
        <test-method status="PASS" signature="basePageNavigation()[pri:0, instance:Academy.E2ETest.ValidateNavigations@b978d10]" name="basePageNavigation" duration-ms="497" started-at="2021-04-29T13:54:04Z" finished-at="2021-04-29T13:54:04Z">
          <reporter-output>
          </reporter-output>
        </test-method> <!-- basePageNavigation -->
        <test-method status="PASS" signature="teardown()[pri:0, instance:Academy.E2ETest.ValidateNavigations@b978d10]" name="teardown" is-config="true" duration-ms="5677" started-at="2021-04-29T13:54:04Z" finished-at="2021-04-29T13:54:10Z">
          <reporter-output>
          </reporter-output>
        </test-method> <!-- teardown -->
      </class> <!-- Academy.E2ETest.ValidateNavigations -->
    </test> <!-- Validating the Navigations -->
    <test name="Validating the title in the page" duration-ms="45725" started-at="2021-04-29T13:53:25Z" finished-at="2021-04-29T13:54:11Z">
      <class name="Academy.E2ETest.ValidateTitle">
        <test-method status="PASS" signature="initilize()[pri:0, instance:Academy.E2ETest.ValidateTitle@4816278d]" name="initilize" is-config="true" duration-ms="37529" started-at="2021-04-29T13:53:25Z" finished-at="2021-04-29T13:54:03Z">
          <reporter-output>
          </reporter-output>
        </test-method> <!-- initilize -->
        <test-method status="FAIL" signature="validateAppTitle()[pri:0, instance:Academy.E2ETest.ValidateTitle@4816278d]" name="validateAppTitle" duration-ms="290" started-at="2021-04-29T13:54:03Z" finished-at="2021-04-29T13:54:03Z">
          <exception class="java.lang.AssertionError">
            <message>
              <![CDATA[expected [FEATURED COURSES123] but found [FEATURED COURSES]]]>
            </message>
            <full-stacktrace>
              <![CDATA[java.lang.AssertionError: expected [FEATURED COURSES123] but found [FEATURED COURSES]
at org.testng.Assert.fail(Assert.java:96)
at org.testng.Assert.failNotEquals(Assert.java:776)
at org.testng.Assert.assertEqualsImpl(Assert.java:137)
at org.testng.Assert.assertEquals(Assert.java:118)
at org.testng.Assert.assertEquals(Assert.java:453)
at org.testng.Assert.assertEquals(Assert.java:463)
at Academy.E2ETest.ValidateTitle.validateAppTitle(ValidateTitle.java:43)
at sun.reflect.NativeMethodAccessorImpl.invoke0(Native Method)
at sun.reflect.NativeMethodAccessorImpl.invoke(NativeMethodAccessorImpl.java:62)
at sun.reflect.DelegatingMethodAccessorImpl.invoke(DelegatingMethodAccessorImpl.java:43)
at java.lang.reflect.Method.invoke(Method.java:498)
at org.testng.internal.MethodInvocationHelper.invokeMethod(MethodInvocationHelper.java:124)
at org.testng.internal.Invoker.invokeMethod(Invoker.java:583)
at org.testng.internal.Invoker.invokeTestMethod(Invoker.java:719)
at org.testng.internal.Invoker.invokeTestMethods(Invoker.java:989)
at org.testng.internal.TestMethodWorker.invokeTestMethods(TestMethodWorker.java:125)
at org.testng.internal.TestMethodWorker.run(TestMethodWorker.java:109)
at org.testng.TestRunner.privateRun(TestRunner.java:648)
at org.testng.TestRunner.run(TestRunner.java:505)
at org.testng.SuiteRunner.runTest(SuiteRunner.java:455)
at org.testng.SuiteRunner.access$000(SuiteRunner.java:40)
at org.testng.SuiteRunner$SuiteWorker.run(SuiteRunner.java:489)
at org.testng.internal.thread.ThreadUtil$1.call(ThreadUtil.java:52)
at java.util.concurrent.FutureTask.run(FutureTask.java:266)
at java.util.concurrent.ThreadPoolExecutor.runWorker(ThreadPoolExecutor.java:1149)
at java.util.concurrent.ThreadPoolExecutor$Worker.run(ThreadPoolExecutor.java:624)
at java.lang.Thread.run(Thread.java:748)
]]>
            </full-stacktrace>
          </exception> <!-- java.lang.AssertionError -->
          <reporter-output>
          </reporter-output>
        </test-method> <!-- validateAppTitle -->
        <test-method status="PASS" signature="teardown()[pri:0, instance:Academy.E2ETest.ValidateTitle@4816278d]" name="teardown" is-config="true" duration-ms="3492" started-at="2021-04-29T13:54:07Z" finished-at="2021-04-29T13:54:11Z">
          <reporter-output>
          </reporter-output>
        </test-method> <!-- teardown -->
      </class> <!-- Academy.E2ETest.ValidateTitle -->
    </test> <!-- Validating the title in the page -->
    <test name="Validating Home Page" duration-ms="54775" started-at="2021-04-29T13:53:25Z" finished-at="2021-04-29T13:54:20Z">
      <class name="Academy.E2ETest.HomePage">
        <test-method status="PASS" signature="initilize()[pri:0, instance:Academy.E2ETest.HomePage@31920ade]" name="initilize" is-config="true" duration-ms="16018" started-at="2021-04-29T13:53:25Z" finished-at="2021-04-29T13:53:41Z">
          <reporter-output>
          </reporter-output>
        </test-method> <!-- initilize -->
        <test-method status="PASS" signature="basePageNavigation(java.lang.String, java.lang.String, java.lang.String)[pri:0, instance:Academy.E2ETest.HomePage@31920ade]" name="basePageNavigation" duration-ms="32126" started-at="2021-04-29T13:53:41Z" data-provider="getData" finished-at="2021-04-29T13:54:13Z">
          <params>
            <param index="0">
              <value>
                <![CDATA[nonrestricteduser1@gmail.com]]>
              </value>
            </param>
            <param index="1">
              <value>
                <![CDATA[Hellow123]]>
              </value>
            </param>
            <param index="2">
              <value>
                <![CDATA[restricteduser1@gmail.com]]>
              </value>
            </param>
          </params>
          <reporter-output>
          </reporter-output>
        </test-method> <!-- basePageNavigation -->
        <test-method status="PASS" signature="basePageNavigation(java.lang.String, java.lang.String, java.lang.String)[pri:0, instance:Academy.E2ETest.HomePage@31920ade]" name="basePageNavigation" duration-ms="6358" started-at="2021-04-29T13:54:13Z" data-provider="getData" finished-at="2021-04-29T13:54:20Z">
          <params>
            <param index="0">
              <value>
                <![CDATA[nonrestrictedusr2@gmail.com]]>
              </value>
            </param>
            <param index="1">
              <value>
                <![CDATA[Hello123]]>
              </value>
            </param>
            <param index="2">
              <value>
                <![CDATA[restricteduser2@gmail.com]]>
              </value>
            </param>
          </params>
          <reporter-output>
          </reporter-output>
        </test-method> <!-- basePageNavigation -->
        <test-method status="PASS" signature="teardown()[pri:0, instance:Academy.E2ETest.HomePage@31920ade]" name="teardown" is-config="true" duration-ms="226" started-at="2021-04-29T13:54:20Z" finished-at="2021-04-29T13:54:20Z">
          <reporter-output>
          </reporter-output>
        </test-method> <!-- teardown -->
      </class> <!-- Academy.E2ETest.HomePage -->
    </test> <!-- Validating Home Page -->
  </suite> <!-- Suite -->
</testng-results>
